d:\_\__sdl projects\game1007\_new\game1007_w06_sdllab\game1007_w05_framework\x64\debug\vc143.pdb
d:\_\__sdl projects\game1007\_new\game1007_w06_sdllab\game1007_w05_framework\x64\debug\vc143.idb
d:\_\__sdl projects\game1007\_new\game1007_w07_sdllab\game1007_w05_framework\x64\debug\vc143.pdb
d:\_\__sdl projects\game1007\_new\game1007_w07_sdllab\game1007_w05_framework\x64\debug\vc143.idb
d:\_\__sdl projects\game1007\_new\game1007_w09_lab_done\game1007_w05_framework\x64\debug\vc143.pdb
d:\_\__sdl projects\game1007\_new\game1007_w09_lab_done\game1007_w05_framework\x64\debug\vc143.idb
d:\_\__sdl projects\game1007\_new\game1007_w09_lab_done\game1007_w05_framework\x64\debug\main.obj
d:\_\__sdl projects\game1007\_new\game1007_w09_lab_done\game1007_w05_framework\x64\debug\engine.obj
d:\_\__sdl projects\game1007\_new\game1007_w10_lecture\game1007_w05_framework\x64\debug\vc143.pdb
d:\_\__sdl projects\game1007\_new\game1007_w10_lecture\game1007_w05_framework\x64\debug\vc143.idb
d:\_\__sdl projects\game1007\_new\game1007_w10_lecture\game1007_w05_framework\x64\debug\main.obj
d:\_\__sdl projects\game1007\_new\game1007_w10_lecture\game1007_w05_framework\x64\debug\engine.obj
d:\_\__sdl projects\game1007\_new\game1007_w09_lab_done\game1007_w05_framework\x64\debug\game1007_w05_framework.ilk
d:\_\__sdl projects\game1007\_new\game1007_w09_lab_done\bin\x64\debug\game1007_w05_framework.exe
d:\_\__sdl projects\game1007\_new\game1007_w09_lab_done\bin\x64\debug\game1007_w05_framework.pdb
d:\_\__sdl projects\game1007\_new\game1007_w10_lecture\bin\x64\debug\game1007_w05_framework.exe
d:\_\__sdl projects\game1007\_new\game1007_w10_lecture\game1007_w05_framework\x64\debug\game1007_w05_framework.ilk
d:\_\__sdl projects\game1007\_new\game1007_w10_lecture\bin\x64\debug\game1007_w05_framework.pdb
d:\_\__sdl projects\game1007\_new\game1007_w10_lab\game1007_w05_framework\x64\debug\game1007.eeb103f7.tlog\cl.command.1.tlog
d:\_\__sdl projects\game1007\_new\game1007_w10_lab\game1007_w05_framework\x64\debug\game1007.eeb103f7.tlog\cl.read.1.tlog
d:\_\__sdl projects\game1007\_new\game1007_w10_lab\game1007_w05_framework\x64\debug\game1007.eeb103f7.tlog\cl.write.1.tlog
d:\_\__sdl projects\game1007\_new\game1007_w10_lab\game1007_w05_framework\x64\debug\game1007.eeb103f7.tlog\link.command.1.tlog
d:\_\__sdl projects\game1007\_new\game1007_w10_lab\game1007_w05_framework\x64\debug\game1007.eeb103f7.tlog\link.read.1.tlog
d:\_\__sdl projects\game1007\_new\game1007_w10_lab\game1007_w05_framework\x64\debug\game1007.eeb103f7.tlog\link.write.1.tlog
