C:\Program Files\Microsoft Visual Studio\2022\Enterprise\MSBuild\Microsoft\VC\v170\Microsoft.CppBuild.targets(517,5): warning MSB8028: The intermediate directory (x64\Debug\) contains files shared from another project (GAME1007_W05_Framework.vcxproj).  This can lead to incorrect clean and rebuild behavior.
  Background.cpp
  Button.cpp
  CollisionManager.cpp
  EndButton.cpp
  Engine.cpp
  EventManager.cpp
  FontManager.cpp
  GameObject.cpp
C:\GAME1017_Assignment02_OxleyRobert\GAME1017_Assignment02_OxleyRobert\GAME1007_W05_Framework\GameObject.cpp(68,50): warning C4267: '=': conversion from 'size_t' to 'unsigned short', possible loss of data
C:\GAME1017_Assignment02_OxleyRobert\GAME1017_Assignment02_OxleyRobert\GAME1007_W05_Framework\GameObject.cpp(70,51): warning C4267: '=': conversion from 'size_t' to 'unsigned short', possible loss of data
  Main.cpp
  MathManager.cpp
  Obstacle.cpp
  ObstacleRow.cpp
  PauseButton.cpp
  PlatformPlayer.cpp
  Primitives.cpp
  RenderManager.cpp
  ScrollingBackground.cpp
  Spritesheet.cpp
  StartButton.cpp
  State.cpp
C:\GAME1017_Assignment02_OxleyRobert\GAME1017_Assignment02_OxleyRobert\GAME1007_W05_Framework\State.cpp(100,49): warning C4244: '=': conversion from 'double' to 'float', possible loss of data
  Generating Code...
  Compiling...
  StateManager.cpp
  TextureManager.cpp
  Generating Code...
  GAME1007_W05_Framework.vcxproj -> C:\GAME1017_Assignment02_OxleyRobert\GAME1017_Assignment02_OxleyRobert\Bin\x64\Debug\GAME1007_M2_Oxley.exe
